<?xml version="1.0" encoding="UTF-8"?>
<!-- Generated by org.testng.reporters.JUnitReportReporter -->
<testsuite hostname="LAPTOP-1IDFHBIG" failures="0" tests="3" name="com.project.com.test.TestClass1" time="96.468" errors="0" timestamp="2024-12-02T12:59:58 IST" skipped="0">
  <testcase classname="com.project.com.test.TestClass1" name="Test1" time="11.527"/>
  <testcase classname="com.project.com.test.TestClass1" name="Test2" time="49.798"/>
  <testcase classname="com.project.com.test.TestClass1" name="Test3" time="35.143"/>
</testsuite> <!-- com.project.com.test.TestClass1 -->
